<?xml version="1.0" encoding="UTF-8"?>
<testng-results skipped="0" failed="0" total="1" passed="1">
  <reporter-output>
  </reporter-output>
  <suite name="Default suite" duration-ms="36518" started-at="2018-12-16T17:54:04Z" finished-at="2018-12-16T17:54:41Z">
    <groups>
    </groups>
    <test name="Default test" duration-ms="36518" started-at="2018-12-16T17:54:04Z" finished-at="2018-12-16T17:54:41Z">
      <class name="com.ecom.TestClass">
        <test-method status="PASS" signature="searchitems()[pri:3, instance:com.ecom.TestClass@2669b199]" name="searchitems" duration-ms="36491" started-at="2018-12-16T23:24:04Z" finished-at="2018-12-16T23:24:41Z">
          <reporter-output>
          </reporter-output>
        </test-method> <!-- searchitems -->
      </class> <!-- com.ecom.TestClass -->
    </test> <!-- Default test -->
  </suite> <!-- Default suite -->
</testng-results>
